0 info it worked if it ends with ok
1 verbose cli [ 'C:\\Program Files\\nodejs\\node.exe',
1 verbose cli   'C:\\Program Files\\nodejs\\node_modules\\npm\\bin\\npm-cli.js',
1 verbose cli   'install',
1 verbose cli   '--save',
1 verbose cli   '@ngx-translate/core',
1 verbose cli   '6.0.1' ]
2 info using npm@3.10.10
3 info using node@v6.10.3
4 silly loadCurrentTree Starting
5 silly install loadCurrentTree
6 silly install readLocalPackageData
7 silly fetchPackageMetaData @ngx-translate/core
8 silly fetchPackageMetaData 6.0.1
9 silly fetchNamedPackageData @ngx-translate/core
10 silly mapToRegistry name @ngx-translate/core
11 silly mapToRegistry scope (from package name) @ngx-translate
12 verbose mapToRegistry no registry URL found in name for scope @ngx-translate
13 silly mapToRegistry using default registry
14 silly mapToRegistry registry https://registry.npm.taobao.org/
15 silly mapToRegistry data Result {
15 silly mapToRegistry   raw: '@ngx-translate/core',
15 silly mapToRegistry   scope: '@ngx-translate',
15 silly mapToRegistry   escapedName: '@ngx-translate%2fcore',
15 silly mapToRegistry   name: '@ngx-translate/core',
15 silly mapToRegistry   rawSpec: '',
15 silly mapToRegistry   spec: 'latest',
15 silly mapToRegistry   type: 'tag' }
16 silly mapToRegistry uri https://registry.npm.taobao.org/@ngx-translate%2fcore
17 silly fetchNamedPackageData 6.0.1
18 silly mapToRegistry name 6.0.1
19 silly mapToRegistry using default registry
20 silly mapToRegistry registry https://registry.npm.taobao.org/
21 silly mapToRegistry data Result {
21 silly mapToRegistry   raw: '6.0.1',
21 silly mapToRegistry   scope: null,
21 silly mapToRegistry   escapedName: '6.0.1',
21 silly mapToRegistry   name: '6.0.1',
21 silly mapToRegistry   rawSpec: '',
21 silly mapToRegistry   spec: 'latest',
21 silly mapToRegistry   type: 'tag' }
22 silly mapToRegistry uri https://registry.npm.taobao.org/6.0.1
23 verbose request uri https://registry.npm.taobao.org/6.0.1
24 verbose request no auth needed
25 info attempt registry request try #1 at 22:41:35
26 verbose request id 5bdf96c85f515726
27 http request GET https://registry.npm.taobao.org/6.0.1
28 verbose request uri https://registry.npm.taobao.org/@ngx-translate%2fcore
29 verbose request no auth needed
30 info attempt registry request try #1 at 22:41:36
31 verbose etag "8098-FNqma03ptc4YOf9qyqhL1w+jElw"
32 http request GET https://registry.npm.taobao.org/@ngx-translate%2fcore
33 http 304 https://registry.npm.taobao.org/@ngx-translate%2fcore
34 verbose headers { date: 'Tue, 19 Dec 2017 14:42:04 GMT',
34 verbose headers   connection: 'keep-alive',
34 verbose headers   'x-current-requests': '1',
34 verbose headers   etag: '"8098-FNqma03ptc4YOf9qyqhL1w+jElw"',
34 verbose headers   'x-readtime': '14' }
35 silly get cb [ 304,
35 silly get   { date: 'Tue, 19 Dec 2017 14:42:04 GMT',
35 silly get     connection: 'keep-alive',
35 silly get     'x-current-requests': '1',
35 silly get     etag: '"8098-FNqma03ptc4YOf9qyqhL1w+jElw"',
35 silly get     'x-readtime': '14' } ]
36 verbose etag https://registry.npm.taobao.org/@ngx-translate%2fcore from cache
37 verbose get saving @ngx-translate/core to C:\Users\li\AppData\Roaming\npm-cache\registry.npm.taobao.org\_40ngx-translate_252fcore\.cache.json
38 verbose correctMkdir C:\Users\li\AppData\Roaming\npm-cache correctMkdir not in flight; initializing
39 http 404 https://registry.npm.taobao.org/6.0.1
40 verbose headers { 'content-type': 'application/json',
40 verbose headers   'cache-control': 'max-age=0',
40 verbose headers   'content-length': '2',
40 verbose headers   'accept-ranges': 'bytes',
40 verbose headers   date: 'Tue, 19 Dec 2017 14:42:05 GMT',
40 verbose headers   via: '1.1 varnish',
40 verbose headers   connection: 'keep-alive',
40 verbose headers   'x-served-by': 'cache-sjc3650-SJC',
40 verbose headers   'x-cache': 'MISS',
40 verbose headers   'x-cache-hits': '0',
40 verbose headers   'x-timer': 'S1513694525.342603,VS0,VE517',
40 verbose headers   vary: 'Accept-Encoding' }
41 silly get cb [ 404,
41 silly get   { 'content-type': 'application/json',
41 silly get     'cache-control': 'max-age=0',
41 silly get     'content-length': '2',
41 silly get     'accept-ranges': 'bytes',
41 silly get     date: 'Tue, 19 Dec 2017 14:42:05 GMT',
41 silly get     via: '1.1 varnish',
41 silly get     connection: 'keep-alive',
41 silly get     'x-served-by': 'cache-sjc3650-SJC',
41 silly get     'x-cache': 'MISS',
41 silly get     'x-cache-hits': '0',
41 silly get     'x-timer': 'S1513694525.342603,VS0,VE517',
41 silly get     vary: 'Accept-Encoding' } ]
42 silly fetchPackageMetaData Error: Registry returned 404 for GET on https://registry.npm.taobao.org/6.0.1
42 silly fetchPackageMetaData     at makeError (C:\Program Files\nodejs\node_modules\npm\node_modules\npm-registry-client\lib\request.js:302:12)
42 silly fetchPackageMetaData     at CachingRegistryClient.<anonymous> (C:\Program Files\nodejs\node_modules\npm\node_modules\npm-registry-client\lib\request.js:280:14)
42 silly fetchPackageMetaData     at Request._callback (C:\Program Files\nodejs\node_modules\npm\node_modules\npm-registry-client\lib\request.js:210:14)
42 silly fetchPackageMetaData     at Request.self.callback (C:\Program Files\nodejs\node_modules\npm\node_modules\request\request.js:187:22)
42 silly fetchPackageMetaData     at emitTwo (events.js:106:13)
42 silly fetchPackageMetaData     at Request.emit (events.js:191:7)
42 silly fetchPackageMetaData     at Request.<anonymous> (C:\Program Files\nodejs\node_modules\npm\node_modules\request\request.js:1048:10)
42 silly fetchPackageMetaData     at emitOne (events.js:96:13)
42 silly fetchPackageMetaData     at Request.emit (events.js:188:7)
42 silly fetchPackageMetaData     at IncomingMessage.<anonymous> (C:\Program Files\nodejs\node_modules\npm\node_modules\request\request.js:969:12)
42 silly fetchPackageMetaData  error for 6.0.1 { Error: Registry returned 404 for GET on https://registry.npm.taobao.org/6.0.1
42 silly fetchPackageMetaData     at makeError (C:\Program Files\nodejs\node_modules\npm\node_modules\npm-registry-client\lib\request.js:302:12)
42 silly fetchPackageMetaData     at CachingRegistryClient.<anonymous> (C:\Program Files\nodejs\node_modules\npm\node_modules\npm-registry-client\lib\request.js:280:14)
42 silly fetchPackageMetaData     at Request._callback (C:\Program Files\nodejs\node_modules\npm\node_modules\npm-registry-client\lib\request.js:210:14)
42 silly fetchPackageMetaData     at Request.self.callback (C:\Program Files\nodejs\node_modules\npm\node_modules\request\request.js:187:22)
42 silly fetchPackageMetaData     at emitTwo (events.js:106:13)
42 silly fetchPackageMetaData     at Request.emit (events.js:191:7)
42 silly fetchPackageMetaData     at Request.<anonymous> (C:\Program Files\nodejs\node_modules\npm\node_modules\request\request.js:1048:10)
42 silly fetchPackageMetaData     at emitOne (events.js:96:13)
42 silly fetchPackageMetaData     at Request.emit (events.js:188:7)
42 silly fetchPackageMetaData     at IncomingMessage.<anonymous> (C:\Program Files\nodejs\node_modules\npm\node_modules\request\request.js:969:12) pkgid: '6.0.1', statusCode: 404, code: 'E404' }
43 silly rollbackFailedOptional Starting
44 silly rollbackFailedOptional Finishing
45 silly runTopLevelLifecycles Finishing
46 silly install printInstalled
47 verbose stack Error: Registry returned 404 for GET on https://registry.npm.taobao.org/6.0.1
47 verbose stack     at makeError (C:\Program Files\nodejs\node_modules\npm\node_modules\npm-registry-client\lib\request.js:302:12)
47 verbose stack     at CachingRegistryClient.<anonymous> (C:\Program Files\nodejs\node_modules\npm\node_modules\npm-registry-client\lib\request.js:280:14)
47 verbose stack     at Request._callback (C:\Program Files\nodejs\node_modules\npm\node_modules\npm-registry-client\lib\request.js:210:14)
47 verbose stack     at Request.self.callback (C:\Program Files\nodejs\node_modules\npm\node_modules\request\request.js:187:22)
47 verbose stack     at emitTwo (events.js:106:13)
47 verbose stack     at Request.emit (events.js:191:7)
47 verbose stack     at Request.<anonymous> (C:\Program Files\nodejs\node_modules\npm\node_modules\request\request.js:1048:10)
47 verbose stack     at emitOne (events.js:96:13)
47 verbose stack     at Request.emit (events.js:188:7)
47 verbose stack     at IncomingMessage.<anonymous> (C:\Program Files\nodejs\node_modules\npm\node_modules\request\request.js:969:12)
48 verbose statusCode 404
49 verbose pkgid 6.0.1
50 verbose cwd D:\Study\MyBlog
51 error Windows_NT 6.3.9600
52 error argv "C:\\Program Files\\nodejs\\node.exe" "C:\\Program Files\\nodejs\\node_modules\\npm\\bin\\npm-cli.js" "install" "--save" "@ngx-translate/core" "6.0.1"
53 error node v6.10.3
54 error npm  v3.10.10
55 error code E404
56 error 404 Registry returned 404 for GET on https://registry.npm.taobao.org/6.0.1
57 error 404
58 error 404 '6.0.1' is not in the npm registry.
59 error 404 You should bug the author to publish it (or use the name yourself!)
60 error 404 Note that you can also install from a
61 error 404 tarball, folder, http url, or git url.
62 verbose exit [ 1, true ]
