0 info it worked if it ends with ok
1 verbose cli [ 'C:\\Program Files\\nodejs\\node.exe',
1 verbose cli   'C:\\Program Files\\nodejs\\node_modules\\npm\\bin\\npm-cli.js',
1 verbose cli   'start' ]
2 info using npm@3.10.10
3 info using node@v6.10.3
4 verbose run-script [ 'prestart', 'start', 'poststart' ]
5 info lifecycle angular-io-example@1.0.0~prestart: angular-io-example@1.0.0
6 silly lifecycle angular-io-example@1.0.0~prestart: no script for prestart, continuing
7 info lifecycle angular-io-example@1.0.0~start: angular-io-example@1.0.0
8 verbose lifecycle angular-io-example@1.0.0~start: unsafe-perm in lifecycle true
9 verbose lifecycle angular-io-example@1.0.0~start: PATH: C:\Program Files\nodejs\node_modules\npm\bin\node-gyp-bin;D:\Study\MyBlog\node_modules\.bin;C:\Program Files\Java\jdk1.8.0_131\bin;C:\Program Files\Java\jdk1.8.0_131\jre\bin;C:\ProgramData\Oracle\Java\javapath;C:\Windows\system32;C:\Windows;C:\Windows\System32\Wbem;C:\Windows\System32\WindowsPowerShell\v1.0\;C:\Program Files\MATLAB\R2013b\runtime\win64;C:\Program Files\MATLAB\R2013b\bin;C:\Program Files (x86)\Windows Kits\8.1\Windows Performance Toolkit\;C:\Program Files\Microsoft SQL Server\110\Tools\Binn\;C:\Program Files (x86)\CTEX\UserData\miktex\bin;C:\Program Files (x86)\CTEX\MiKTeX\miktex\bin;C:\Program Files (x86)\CTEX\CTeX\ctex\bin;C:\Program Files (x86)\CTEX\CTeX\cct\bin;C:\Program Files (x86)\CTEX\CTeX\ty\bin;C:\Program Files (x86)\CTEX\Ghostscript\gs9.00\bin;C:\Program Files (x86)\CTEX\GSview\gsview;C:\Program Files (x86)\CTEX\WinEdt;C:\opencv\build\x86\vc12\bin;C:\Users\li\Anaconda\MinGW\bin;C:\Users\li\Anaconda\MinGW\x86_64-w64-mingw32\lib;C:\Users\li\Anaconda;C:\Program Files\Microsoft SQL Server\Client SDK\ODBC\110\Tools\Binn\;C:\Program Files (x86)\Microsoft SQL Server\120\Tools\Binn\;C:\Program Files\Microsoft SQL Server\120\Tools\Binn\;C:\Program Files\Microsoft SQL Server\120\DTS\Binn\;C:\Program Files (x86)\Microsoft SQL Server\120\Tools\Binn\ManagementStudio\;C:\Program Files (x86)\Microsoft SQL Server\120\DTS\Binn\;C:\Program Files\nodejs\;C:\Program Files (x86)\Git\cmd;C:\Users\li\AppData\Local\Programs\Python\Python36\Scripts\;C:\Users\li\AppData\Local\Programs\Python\Python36\;C:\Users\li\AppData\Roaming\npm;C:\Program Files (x86)\Microsoft VS Code\bin
10 verbose lifecycle angular-io-example@1.0.0~start: CWD: D:\Study\MyBlog
11 silly lifecycle angular-io-example@1.0.0~start: Args: [ '/d /s /c', 'ng serve' ]
12 silly lifecycle angular-io-example@1.0.0~start: Returned: code: 3221225786  signal: null
13 info lifecycle angular-io-example@1.0.0~start: Failed to exec start script
14 verbose stack Error: angular-io-example@1.0.0 start: `ng serve`
14 verbose stack Exit status 3221225786
14 verbose stack     at EventEmitter.<anonymous> (C:\Program Files\nodejs\node_modules\npm\lib\utils\lifecycle.js:255:16)
14 verbose stack     at emitTwo (events.js:106:13)
14 verbose stack     at EventEmitter.emit (events.js:191:7)
14 verbose stack     at ChildProcess.<anonymous> (C:\Program Files\nodejs\node_modules\npm\lib\utils\spawn.js:40:14)
14 verbose stack     at emitTwo (events.js:106:13)
14 verbose stack     at ChildProcess.emit (events.js:191:7)
14 verbose stack     at maybeClose (internal/child_process.js:886:16)
14 verbose stack     at Process.ChildProcess._handle.onexit (internal/child_process.js:226:5)
15 verbose pkgid angular-io-example@1.0.0
16 verbose cwd D:\Study\MyBlog\src\app\main-console\common
17 error Windows_NT 6.3.9600
18 error argv "C:\\Program Files\\nodejs\\node.exe" "C:\\Program Files\\nodejs\\node_modules\\npm\\bin\\npm-cli.js" "start"
19 error node v6.10.3
20 error npm  v3.10.10
21 error code ELIFECYCLE
22 error angular-io-example@1.0.0 start: `ng serve`
22 error Exit status 3221225786
23 error Failed at the angular-io-example@1.0.0 start script 'ng serve'.
23 error Make sure you have the latest version of node.js and npm installed.
23 error If you do, this is most likely a problem with the angular-io-example package,
23 error not with npm itself.
23 error Tell the author that this fails on your system:
23 error     ng serve
23 error You can get information on how to open an issue for this project with:
23 error     npm bugs angular-io-example
23 error Or if that isn't available, you can get their info via:
23 error     npm owner ls angular-io-example
23 error There is likely additional logging output above.
24 verbose exit [ 1, true ]
